<?xml version="1.0" encoding="UTF-8"?>
<!-- Generated by org.testng.reporters.JUnitReportReporter -->
<testsuite name="comApplication.E2EProject.HomePage" tests="1" time="33.822" ignored="0" failures="0" timestamp="15 Apr 2020 06:51:52 GMT" skipped="0" hostname="IN5CG943BC8T" errors="0">
  <testcase name="basePageNavigation" time="33.822" classname="comApplication.E2EProject.HomePage"/>
</testsuite> <!-- comApplication.E2EProject.HomePage -->
